<?xml version="1.0" encoding="UTF-8"?>
<!-- Generated by org.testng.reporters.JUnitReportReporter -->
<testsuite hostname="Pczin" failures="0" tests="1" name="tests.TestExamples" time="1.212" errors="0" timestamp="2021-05-26T15:21:32 BRT" skipped="0">
  <testcase classname="tests.TestExamples" name="test5" time="1.212"/>
  <system-out/>
</testsuite> <!-- tests.TestExamples -->
